Analysis & Synthesis report for FlappyBird
Fri May 03 12:23:59 2024
Quartus Prime Version 18.1.0 Build 625 09/12/2018 SJ Standard Edition


---------------------
; Table of Contents ;
---------------------
  1. Legal Notice
  2. Analysis & Synthesis Summary
  3. Analysis & Synthesis Settings
  4. Parallel Compilation
  5. Analysis & Synthesis Source Files Read
  6. Analysis & Synthesis Resource Usage Summary
  7. Analysis & Synthesis Resource Utilization by Entity
  8. Registers Removed During Synthesis
  9. Removed Registers Triggering Further Register Optimizations
 10. General Register Statistics
 11. Port Connectivity Checks: "clock_divider:divider"
 12. Port Connectivity Checks: "VGA_SYNC:vga"
 13. Post-Synthesis Netlist Statistics for Top Partition
 14. Elapsed Time Per Partition
 15. Analysis & Synthesis Messages



----------------
; Legal Notice ;
----------------
Copyright (C) 2018  Intel Corporation. All rights reserved.
Your use of Intel Corporation's design tools, logic functions 
and other software and tools, and its AMPP partner logic 
functions, and any output files from any of the foregoing 
(including device programming or simulation files), and any 
associated documentation or information are expressly subject 
to the terms and conditions of the Intel Program License 
Subscription Agreement, the Intel Quartus Prime License Agreement,
the Intel FPGA IP License Agreement, or other applicable license
agreement, including, without limitation, that your use is for
the sole purpose of programming logic devices manufactured by
Intel and sold by Intel or its authorized distributors.  Please
refer to the applicable agreement for further details.



+-----------------------------------------------------------------------------------+
; Analysis & Synthesis Summary                                                      ;
+---------------------------------+-------------------------------------------------+
; Analysis & Synthesis Status     ; Successful - Fri May 03 12:23:59 2024           ;
; Quartus Prime Version           ; 18.1.0 Build 625 09/12/2018 SJ Standard Edition ;
; Revision Name                   ; FlappyBird                                      ;
; Top-level Entity Name           ; FlappyBird                                      ;
; Family                          ; Cyclone V                                       ;
; Logic utilization (in ALMs)     ; N/A                                             ;
; Total registers                 ; 0                                               ;
; Total pins                      ; 18                                              ;
; Total virtual pins              ; 0                                               ;
; Total block memory bits         ; 0                                               ;
; Total DSP Blocks                ; 0                                               ;
; Total HSSI RX PCSs              ; 0                                               ;
; Total HSSI PMA RX Deserializers ; 0                                               ;
; Total HSSI TX PCSs              ; 0                                               ;
; Total HSSI PMA TX Serializers   ; 0                                               ;
; Total PLLs                      ; 0                                               ;
; Total DLLs                      ; 0                                               ;
+---------------------------------+-------------------------------------------------+


+---------------------------------------------------------------------------------------------------------------------------+
; Analysis & Synthesis Settings                                                                                             ;
+---------------------------------------------------------------------------------+--------------------+--------------------+
; Option                                                                          ; Setting            ; Default Value      ;
+---------------------------------------------------------------------------------+--------------------+--------------------+
; Device                                                                          ; 5CEBA4F23C7        ;                    ;
; Top-level entity name                                                           ; FlappyBird         ; FlappyBird         ;
; Family name                                                                     ; Cyclone V          ; Cyclone V          ;
; Use smart compilation                                                           ; Off                ; Off                ;
; Enable parallel Assembler and Timing Analyzer during compilation                ; On                 ; On                 ;
; Enable compact report table                                                     ; Off                ; Off                ;
; Restructure Multiplexers                                                        ; Auto               ; Auto               ;
; MLAB Add Timing Constraints For Mixed-Port Feed-Through Mode Setting Don't Care ; Off                ; Off                ;
; Create Debugging Nodes for IP Cores                                             ; Off                ; Off                ;
; Preserve fewer node names                                                       ; On                 ; On                 ;
; Intel FPGA IP Evaluation Mode                                                   ; Enable             ; Enable             ;
; Verilog Version                                                                 ; Verilog_2001       ; Verilog_2001       ;
; VHDL Version                                                                    ; VHDL_1993          ; VHDL_1993          ;
; State Machine Processing                                                        ; Auto               ; Auto               ;
; Safe State Machine                                                              ; Off                ; Off                ;
; Extract Verilog State Machines                                                  ; On                 ; On                 ;
; Extract VHDL State Machines                                                     ; On                 ; On                 ;
; Ignore Verilog initial constructs                                               ; Off                ; Off                ;
; Iteration limit for constant Verilog loops                                      ; 5000               ; 5000               ;
; Iteration limit for non-constant Verilog loops                                  ; 250                ; 250                ;
; Add Pass-Through Logic to Inferred RAMs                                         ; On                 ; On                 ;
; Infer RAMs from Raw Logic                                                       ; On                 ; On                 ;
; Parallel Synthesis                                                              ; On                 ; On                 ;
; DSP Block Balancing                                                             ; Auto               ; Auto               ;
; NOT Gate Push-Back                                                              ; On                 ; On                 ;
; Power-Up Don't Care                                                             ; On                 ; On                 ;
; Remove Redundant Logic Cells                                                    ; Off                ; Off                ;
; Remove Duplicate Registers                                                      ; On                 ; On                 ;
; Ignore CARRY Buffers                                                            ; Off                ; Off                ;
; Ignore CASCADE Buffers                                                          ; Off                ; Off                ;
; Ignore GLOBAL Buffers                                                           ; Off                ; Off                ;
; Ignore ROW GLOBAL Buffers                                                       ; Off                ; Off                ;
; Ignore LCELL Buffers                                                            ; Off                ; Off                ;
; Ignore SOFT Buffers                                                             ; On                 ; On                 ;
; Limit AHDL Integers to 32 Bits                                                  ; Off                ; Off                ;
; Optimization Technique                                                          ; Balanced           ; Balanced           ;
; Carry Chain Length                                                              ; 70                 ; 70                 ;
; Auto Carry Chains                                                               ; On                 ; On                 ;
; Auto Open-Drain Pins                                                            ; On                 ; On                 ;
; Perform WYSIWYG Primitive Resynthesis                                           ; Off                ; Off                ;
; Auto ROM Replacement                                                            ; On                 ; On                 ;
; Auto RAM Replacement                                                            ; On                 ; On                 ;
; Auto DSP Block Replacement                                                      ; On                 ; On                 ;
; Auto Shift Register Replacement                                                 ; Auto               ; Auto               ;
; Allow Shift Register Merging across Hierarchies                                 ; Auto               ; Auto               ;
; Auto Clock Enable Replacement                                                   ; On                 ; On                 ;
; Strict RAM Replacement                                                          ; Off                ; Off                ;
; Allow Synchronous Control Signals                                               ; On                 ; On                 ;
; Force Use of Synchronous Clear Signals                                          ; Off                ; Off                ;
; Auto Resource Sharing                                                           ; Off                ; Off                ;
; Allow Any RAM Size For Recognition                                              ; Off                ; Off                ;
; Allow Any ROM Size For Recognition                                              ; Off                ; Off                ;
; Allow Any Shift Register Size For Recognition                                   ; Off                ; Off                ;
; Use LogicLock Constraints during Resource Balancing                             ; On                 ; On                 ;
; Ignore translate_off and synthesis_off directives                               ; Off                ; Off                ;
; Timing-Driven Synthesis                                                         ; On                 ; On                 ;
; Report Parameter Settings                                                       ; On                 ; On                 ;
; Report Source Assignments                                                       ; On                 ; On                 ;
; Report Connectivity Checks                                                      ; On                 ; On                 ;
; Ignore Maximum Fan-Out Assignments                                              ; Off                ; Off                ;
; Synchronization Register Chain Length                                           ; 3                  ; 3                  ;
; Power Optimization During Synthesis                                             ; Normal compilation ; Normal compilation ;
; HDL message level                                                               ; Level2             ; Level2             ;
; Suppress Register Optimization Related Messages                                 ; Off                ; Off                ;
; Number of Removed Registers Reported in Synthesis Report                        ; 5000               ; 5000               ;
; Number of Swept Nodes Reported in Synthesis Report                              ; 5000               ; 5000               ;
; Number of Inverted Registers Reported in Synthesis Report                       ; 100                ; 100                ;
; Clock MUX Protection                                                            ; On                 ; On                 ;
; Auto Gated Clock Conversion                                                     ; Off                ; Off                ;
; Block Design Naming                                                             ; Auto               ; Auto               ;
; SDC constraint protection                                                       ; Off                ; Off                ;
; Synthesis Effort                                                                ; Auto               ; Auto               ;
; Shift Register Replacement - Allow Asynchronous Clear Signal                    ; On                 ; On                 ;
; Pre-Mapping Resynthesis Optimization                                            ; Off                ; Off                ;
; Analysis & Synthesis Message Level                                              ; Medium             ; Medium             ;
; Disable Register Merging Across Hierarchies                                     ; Auto               ; Auto               ;
; Resource Aware Inference For Block RAM                                          ; On                 ; On                 ;
; Automatic Parallel Synthesis                                                    ; On                 ; On                 ;
; Partial Reconfiguration Bitstream ID                                            ; Off                ; Off                ;
+---------------------------------------------------------------------------------+--------------------+--------------------+


+------------------------------------------+
; Parallel Compilation                     ;
+----------------------------+-------------+
; Processors                 ; Number      ;
+----------------------------+-------------+
; Number detected on machine ; 24          ;
; Maximum allowed            ; 16          ;
;                            ;             ;
; Average used               ; 1.00        ;
; Maximum used               ; 1           ;
;                            ;             ;
; Usage by Processor         ; % Time Used ;
;     Processor 1            ; 100.0%      ;
+----------------------------+-------------+


+-----------------------------------------------------------------------------------------------------------------------------------------------------------------------------------------------+
; Analysis & Synthesis Source Files Read                                                                                                                                                        ;
+----------------------------------+-----------------+-----------------+--------------------------------------------------------------------------------------------------------------+---------+
; File Name with User-Entered Path ; Used in Netlist ; File Type       ; File Name with Absolute Path                                                                                 ; Library ;
+----------------------------------+-----------------+-----------------+--------------------------------------------------------------------------------------------------------------+---------+
; clock_divider.vhd                ; yes             ; User VHDL File  ; C:/Users/lshi790/OneDrive - The University of Auckland/Compsys 305/Compsys305-Mini-Project/clock_divider.vhd ;         ;
; vga_sync.vhd                     ; yes             ; User VHDL File  ; C:/Users/lshi790/OneDrive - The University of Auckland/Compsys 305/Compsys305-Mini-Project/vga_sync.vhd      ;         ;
; FlappyBird.vhd                   ; yes             ; User VHDL File  ; C:/Users/lshi790/OneDrive - The University of Auckland/Compsys 305/Compsys305-Mini-Project/FlappyBird.vhd    ;         ;
+----------------------------------+-----------------+-----------------+--------------------------------------------------------------------------------------------------------------+---------+


+--------------------------------------------------------+
; Analysis & Synthesis Resource Usage Summary            ;
+---------------------------------------------+----------+
; Resource                                    ; Usage    ;
+---------------------------------------------+----------+
; Estimate of Logic utilization (ALMs needed) ; 0        ;
;                                             ;          ;
; Combinational ALUT usage for logic          ; 0        ;
;     -- 7 input functions                    ; 0        ;
;     -- 6 input functions                    ; 0        ;
;     -- 5 input functions                    ; 0        ;
;     -- 4 input functions                    ; 0        ;
;     -- <=3 input functions                  ; 0        ;
;                                             ;          ;
; Dedicated logic registers                   ; 0        ;
;                                             ;          ;
; I/O pins                                    ; 18       ;
;                                             ;          ;
; Total DSP Blocks                            ; 0        ;
;                                             ;          ;
; Maximum fan-out node                        ; CLOCK_50 ;
; Maximum fan-out                             ; 1        ;
; Total fan-out                               ; 18       ;
; Average fan-out                             ; 0.50     ;
+---------------------------------------------+----------+


+----------------------------------------------------------------------------------------------------------------------------------------------------------------------------------------+
; Analysis & Synthesis Resource Utilization by Entity                                                                                                                                    ;
+----------------------------+---------------------+---------------------------+-------------------+------------+------+--------------+---------------------+-------------+--------------+
; Compilation Hierarchy Node ; Combinational ALUTs ; Dedicated Logic Registers ; Block Memory Bits ; DSP Blocks ; Pins ; Virtual Pins ; Full Hierarchy Name ; Entity Name ; Library Name ;
+----------------------------+---------------------+---------------------------+-------------------+------------+------+--------------+---------------------+-------------+--------------+
; |FlappyBird                ; 0 (0)               ; 0 (0)                     ; 0                 ; 0          ; 18   ; 0            ; |FlappyBird         ; FlappyBird  ; work         ;
+----------------------------+---------------------+---------------------------+-------------------+------------+------+--------------+---------------------+-------------+--------------+
Note: For table entries with two numbers listed, the numbers in parentheses indicate the number of resources of the given type used by the specific entity alone. The numbers listed outside of parentheses indicate the total resources of the given type used by the specific entity and all of its sub-entities in the hierarchy.


+--------------------------------------------------------------------------------------+
; Registers Removed During Synthesis                                                   ;
+----------------------------------------+---------------------------------------------+
; Register name                          ; Reason for Removal                          ;
+----------------------------------------+---------------------------------------------+
; clock_divider:divider|count[1..31]     ; Stuck at GND due to stuck port data_in      ;
; clock_divider:divider|count[0]         ; Stuck at VCC due to stuck port data_in      ;
; clock_divider:divider|tmp              ; Stuck at GND due to stuck port clock_enable ;
; VGA_SYNC:vga|red_out                   ; Stuck at GND due to stuck port clock        ;
; VGA_SYNC:vga|green_out                 ; Stuck at GND due to stuck port clock        ;
; VGA_SYNC:vga|blue_out                  ; Stuck at GND due to stuck port clock        ;
; VGA_SYNC:vga|video_on_v                ; Lost fanout                                 ;
; VGA_SYNC:vga|video_on_h                ; Lost fanout                                 ;
; VGA_SYNC:vga|horiz_sync_out            ; Stuck at GND due to stuck port clock        ;
; VGA_SYNC:vga|horiz_sync                ; Lost fanout                                 ;
; VGA_SYNC:vga|vert_sync_out             ; Stuck at GND due to stuck port clock        ;
; VGA_SYNC:vga|vert_sync                 ; Lost fanout                                 ;
; VGA_SYNC:vga|v_count[0..9]             ; Stuck at GND due to stuck port clock        ;
; VGA_SYNC:vga|h_count[0..9]             ; Stuck at GND due to stuck port clock        ;
; Total Number of Removed Registers = 62 ;                                             ;
+----------------------------------------+---------------------------------------------+


+---------------------------------------------------------------------------------------------------------------------------------------------+
; Removed Registers Triggering Further Register Optimizations                                                                                 ;
+---------------------------+--------------------------------+--------------------------------------------------------------------------------+
; Register name             ; Reason for Removal             ; Registers Removed due to This Register                                         ;
+---------------------------+--------------------------------+--------------------------------------------------------------------------------+
; clock_divider:divider|tmp ; Stuck at GND                   ; VGA_SYNC:vga|red_out, VGA_SYNC:vga|green_out, VGA_SYNC:vga|blue_out,           ;
;                           ; due to stuck port clock_enable ; VGA_SYNC:vga|video_on_v, VGA_SYNC:vga|video_on_h, VGA_SYNC:vga|horiz_sync_out, ;
;                           ;                                ; VGA_SYNC:vga|horiz_sync, VGA_SYNC:vga|vert_sync_out, VGA_SYNC:vga|vert_sync,   ;
;                           ;                                ; VGA_SYNC:vga|v_count[0], VGA_SYNC:vga|v_count[1], VGA_SYNC:vga|v_count[2],     ;
;                           ;                                ; VGA_SYNC:vga|v_count[3], VGA_SYNC:vga|v_count[4], VGA_SYNC:vga|v_count[5],     ;
;                           ;                                ; VGA_SYNC:vga|v_count[6], VGA_SYNC:vga|v_count[7], VGA_SYNC:vga|v_count[8],     ;
;                           ;                                ; VGA_SYNC:vga|v_count[9], VGA_SYNC:vga|h_count[0], VGA_SYNC:vga|h_count[1],     ;
;                           ;                                ; VGA_SYNC:vga|h_count[2], VGA_SYNC:vga|h_count[3], VGA_SYNC:vga|h_count[4],     ;
;                           ;                                ; VGA_SYNC:vga|h_count[5], VGA_SYNC:vga|h_count[6], VGA_SYNC:vga|h_count[7],     ;
;                           ;                                ; VGA_SYNC:vga|h_count[8], VGA_SYNC:vga|h_count[9]                               ;
+---------------------------+--------------------------------+--------------------------------------------------------------------------------+


+------------------------------------------------------+
; General Register Statistics                          ;
+----------------------------------------------+-------+
; Statistic                                    ; Value ;
+----------------------------------------------+-------+
; Total registers                              ; 0     ;
; Number of registers using Synchronous Clear  ; 0     ;
; Number of registers using Synchronous Load   ; 0     ;
; Number of registers using Asynchronous Clear ; 0     ;
; Number of registers using Asynchronous Load  ; 0     ;
; Number of registers using Clock Enable       ; 0     ;
; Number of registers using Preset             ; 0     ;
+----------------------------------------------+-------+


+---------------------------------------------------+
; Port Connectivity Checks: "clock_divider:divider" ;
+-------+-------+----------+------------------------+
; Port  ; Type  ; Severity ; Details                ;
+-------+-------+----------+------------------------+
; reset ; Input ; Info     ; Stuck at GND           ;
+-------+-------+----------+------------------------+


+------------------------------------------------------------------------------------------------------------------------+
; Port Connectivity Checks: "VGA_SYNC:vga"                                                                               ;
+--------------+--------+----------+-------------------------------------------------------------------------------------+
; Port         ; Type   ; Severity ; Details                                                                             ;
+--------------+--------+----------+-------------------------------------------------------------------------------------+
; pixel_row    ; Output ; Info     ; Connected to dangling logic. Logic that only feeds a dangling port will be removed. ;
; pixel_column ; Output ; Info     ; Connected to dangling logic. Logic that only feeds a dangling port will be removed. ;
+--------------+--------+----------+-------------------------------------------------------------------------------------+


+-----------------------------------------------------+
; Post-Synthesis Netlist Statistics for Top Partition ;
+-----------------------+-----------------------------+
; Type                  ; Count                       ;
+-----------------------+-----------------------------+
; arriav_lcell_comb     ; 1                           ;
;     normal            ; 1                           ;
;         0 data inputs ; 1                           ;
; boundary_port         ; 18                          ;
;                       ;                             ;
; Max LUT depth         ; 0.00                        ;
; Average LUT depth     ; 0.00                        ;
+-----------------------+-----------------------------+


+-------------------------------+
; Elapsed Time Per Partition    ;
+----------------+--------------+
; Partition Name ; Elapsed Time ;
+----------------+--------------+
; Top            ; 00:00:00     ;
+----------------+--------------+


+-------------------------------+
; Analysis & Synthesis Messages ;
+-------------------------------+
Info: *******************************************************************
Info: Running Quartus Prime Analysis & Synthesis
    Info: Version 18.1.0 Build 625 09/12/2018 SJ Standard Edition
    Info: Processing started: Fri May 03 12:23:53 2024
Info: Command: quartus_map --read_settings_files=on --write_settings_files=off FlappyBird -c FlappyBird
Warning (18236): Number of processors has not been specified which may cause overloading on shared machines.  Set the global assignment NUM_PARALLEL_PROCESSORS in your QSF to an appropriate value for best performance.
Info (20030): Parallel compilation is enabled and will use 16 of the 16 processors detected
Info (12021): Found 2 design units, including 1 entities, in source file clock_divider.vhd
    Info (12022): Found design unit 1: clock_divider-beh File: C:/Users/lshi790/OneDrive - The University of Auckland/Compsys 305/Compsys305-Mini-Project/clock_divider.vhd Line: 15
    Info (12023): Found entity 1: clock_divider File: C:/Users/lshi790/OneDrive - The University of Auckland/Compsys 305/Compsys305-Mini-Project/clock_divider.vhd Line: 7
Info (12021): Found 2 design units, including 1 entities, in source file vga_sync.vhd
    Info (12022): Found design unit 1: VGA_SYNC-a File: C:/Users/lshi790/OneDrive - The University of Auckland/Compsys 305/Compsys305-Mini-Project/vga_sync.vhd Line: 13
    Info (12023): Found entity 1: VGA_SYNC File: C:/Users/lshi790/OneDrive - The University of Auckland/Compsys 305/Compsys305-Mini-Project/vga_sync.vhd Line: 7
Info (12021): Found 2 design units, including 1 entities, in source file mouse.vhd
    Info (12022): Found design unit 1: MOUSE-behavior File: C:/Users/lshi790/OneDrive - The University of Auckland/Compsys 305/Compsys305-Mini-Project/mouse.vhd Line: 18
    Info (12023): Found entity 1: MOUSE File: C:/Users/lshi790/OneDrive - The University of Auckland/Compsys 305/Compsys305-Mini-Project/mouse.vhd Line: 9
Info (12021): Found 2 design units, including 1 entities, in source file char_rom.vhd
    Info (12022): Found design unit 1: char_rom-SYN File: C:/Users/lshi790/OneDrive - The University of Auckland/Compsys 305/Compsys305-Mini-Project/char_rom.vhd Line: 20
    Info (12023): Found entity 1: char_rom File: C:/Users/lshi790/OneDrive - The University of Auckland/Compsys 305/Compsys305-Mini-Project/char_rom.vhd Line: 9
Info (12021): Found 2 design units, including 1 entities, in source file bouncy_ball.vhd
    Info (12022): Found design unit 1: bouncy_ball-behavior File: C:/Users/lshi790/OneDrive - The University of Auckland/Compsys 305/Compsys305-Mini-Project/bouncy_ball.vhd Line: 14
    Info (12023): Found entity 1: bouncy_ball File: C:/Users/lshi790/OneDrive - The University of Auckland/Compsys 305/Compsys305-Mini-Project/bouncy_ball.vhd Line: 7
Info (12021): Found 2 design units, including 1 entities, in source file ball.vhd
    Info (12022): Found design unit 1: ball-behavior File: C:/Users/lshi790/OneDrive - The University of Auckland/Compsys 305/Compsys305-Mini-Project/ball.vhd Line: 14
    Info (12023): Found entity 1: ball File: C:/Users/lshi790/OneDrive - The University of Auckland/Compsys 305/Compsys305-Mini-Project/ball.vhd Line: 7
Info (12021): Found 2 design units, including 1 entities, in source file mode_controller.vhd
    Info (12022): Found design unit 1: mode_controller-beh File: C:/Users/lshi790/OneDrive - The University of Auckland/Compsys 305/Compsys305-Mini-Project/mode_controller.vhd Line: 12
    Info (12023): Found entity 1: mode_controller File: C:/Users/lshi790/OneDrive - The University of Auckland/Compsys 305/Compsys305-Mini-Project/mode_controller.vhd Line: 5
Info (12021): Found 2 design units, including 1 entities, in source file lfsr.vhd
    Info (12022): Found design unit 1: LFSR-arc File: C:/Users/lshi790/OneDrive - The University of Auckland/Compsys 305/Compsys305-Mini-Project/LFSR.vhd Line: 12
    Info (12023): Found entity 1: LFSR File: C:/Users/lshi790/OneDrive - The University of Auckland/Compsys 305/Compsys305-Mini-Project/LFSR.vhd Line: 5
Info (12021): Found 2 design units, including 1 entities, in source file flappybird.vhd
    Info (12022): Found design unit 1: FlappyBird-arc File: C:/Users/lshi790/OneDrive - The University of Auckland/Compsys 305/Compsys305-Mini-Project/FlappyBird.vhd Line: 15
    Info (12023): Found entity 1: FlappyBird File: C:/Users/lshi790/OneDrive - The University of Auckland/Compsys 305/Compsys305-Mini-Project/FlappyBird.vhd Line: 7
Info (12021): Found 2 design units, including 1 entities, in source file pipes.vhd
    Info (12022): Found design unit 1: pipes-arc File: C:/Users/lshi790/OneDrive - The University of Auckland/Compsys 305/Compsys305-Mini-Project/pipes.vhd Line: 14
    Info (12023): Found entity 1: pipes File: C:/Users/lshi790/OneDrive - The University of Auckland/Compsys 305/Compsys305-Mini-Project/pipes.vhd Line: 6
Info (12021): Found 2 design units, including 1 entities, in source file bird.vhd
    Info (12022): Found design unit 1: bird-behavior File: C:/Users/lshi790/OneDrive - The University of Auckland/Compsys 305/Compsys305-Mini-Project/bird.vhd Line: 14
    Info (12023): Found entity 1: bird File: C:/Users/lshi790/OneDrive - The University of Auckland/Compsys 305/Compsys305-Mini-Project/bird.vhd Line: 7
Info (12127): Elaborating entity "FlappyBird" for the top level hierarchy
Warning (10036): Verilog HDL or VHDL warning at FlappyBird.vhd(29): object "pixel_row_vga" assigned a value but never read File: C:/Users/lshi790/OneDrive - The University of Auckland/Compsys 305/Compsys305-Mini-Project/FlappyBird.vhd Line: 29
Warning (10036): Verilog HDL or VHDL warning at FlappyBird.vhd(30): object "pixel_col_vga" assigned a value but never read File: C:/Users/lshi790/OneDrive - The University of Auckland/Compsys 305/Compsys305-Mini-Project/FlappyBird.vhd Line: 30
Warning (10873): Using initial value X (don't care) for net "VGA_R[2..0]" at FlappyBird.vhd(11) File: C:/Users/lshi790/OneDrive - The University of Auckland/Compsys 305/Compsys305-Mini-Project/FlappyBird.vhd Line: 11
Warning (10873): Using initial value X (don't care) for net "VGA_G[2..0]" at FlappyBird.vhd(11) File: C:/Users/lshi790/OneDrive - The University of Auckland/Compsys 305/Compsys305-Mini-Project/FlappyBird.vhd Line: 11
Warning (10873): Using initial value X (don't care) for net "VGA_B[2..0]" at FlappyBird.vhd(11) File: C:/Users/lshi790/OneDrive - The University of Auckland/Compsys 305/Compsys305-Mini-Project/FlappyBird.vhd Line: 11
Info (12128): Elaborating entity "VGA_SYNC" for hierarchy "VGA_SYNC:vga" File: C:/Users/lshi790/OneDrive - The University of Auckland/Compsys 305/Compsys305-Mini-Project/FlappyBird.vhd Line: 34
Info (12128): Elaborating entity "clock_divider" for hierarchy "clock_divider:divider" File: C:/Users/lshi790/OneDrive - The University of Auckland/Compsys 305/Compsys305-Mini-Project/FlappyBird.vhd Line: 49
Warning (10492): VHDL Process Statement warning at clock_divider.vhd(31): signal "tmp" is read inside the Process Statement but isn't in the Process Statement's sensitivity list File: C:/Users/lshi790/OneDrive - The University of Auckland/Compsys 305/Compsys305-Mini-Project/clock_divider.vhd Line: 31
Warning (13024): Output pins are stuck at VCC or GND
    Warning (13410): Pin "VGA_HS" is stuck at GND File: C:/Users/lshi790/OneDrive - The University of Auckland/Compsys 305/Compsys305-Mini-Project/FlappyBird.vhd Line: 10
    Warning (13410): Pin "VGA_VS" is stuck at GND File: C:/Users/lshi790/OneDrive - The University of Auckland/Compsys 305/Compsys305-Mini-Project/FlappyBird.vhd Line: 10
    Warning (13410): Pin "VGA_R[0]" is stuck at GND File: C:/Users/lshi790/OneDrive - The University of Auckland/Compsys 305/Compsys305-Mini-Project/FlappyBird.vhd Line: 11
    Warning (13410): Pin "VGA_R[1]" is stuck at GND File: C:/Users/lshi790/OneDrive - The University of Auckland/Compsys 305/Compsys305-Mini-Project/FlappyBird.vhd Line: 11
    Warning (13410): Pin "VGA_R[2]" is stuck at GND File: C:/Users/lshi790/OneDrive - The University of Auckland/Compsys 305/Compsys305-Mini-Project/FlappyBird.vhd Line: 11
    Warning (13410): Pin "VGA_R[3]" is stuck at GND File: C:/Users/lshi790/OneDrive - The University of Auckland/Compsys 305/Compsys305-Mini-Project/FlappyBird.vhd Line: 11
    Warning (13410): Pin "VGA_G[0]" is stuck at GND File: C:/Users/lshi790/OneDrive - The University of Auckland/Compsys 305/Compsys305-Mini-Project/FlappyBird.vhd Line: 11
    Warning (13410): Pin "VGA_G[1]" is stuck at GND File: C:/Users/lshi790/OneDrive - The University of Auckland/Compsys 305/Compsys305-Mini-Project/FlappyBird.vhd Line: 11
    Warning (13410): Pin "VGA_G[2]" is stuck at GND File: C:/Users/lshi790/OneDrive - The University of Auckland/Compsys 305/Compsys305-Mini-Project/FlappyBird.vhd Line: 11
    Warning (13410): Pin "VGA_G[3]" is stuck at GND File: C:/Users/lshi790/OneDrive - The University of Auckland/Compsys 305/Compsys305-Mini-Project/FlappyBird.vhd Line: 11
    Warning (13410): Pin "VGA_B[0]" is stuck at GND File: C:/Users/lshi790/OneDrive - The University of Auckland/Compsys 305/Compsys305-Mini-Project/FlappyBird.vhd Line: 11
    Warning (13410): Pin "VGA_B[1]" is stuck at GND File: C:/Users/lshi790/OneDrive - The University of Auckland/Compsys 305/Compsys305-Mini-Project/FlappyBird.vhd Line: 11
    Warning (13410): Pin "VGA_B[2]" is stuck at GND File: C:/Users/lshi790/OneDrive - The University of Auckland/Compsys 305/Compsys305-Mini-Project/FlappyBird.vhd Line: 11
    Warning (13410): Pin "VGA_B[3]" is stuck at GND File: C:/Users/lshi790/OneDrive - The University of Auckland/Compsys 305/Compsys305-Mini-Project/FlappyBird.vhd Line: 11
Info (17049): 4 registers lost all their fanouts during netlist optimizations.
Warning (20013): Ignored 24 assignments for entity "DE0_CV_Default" -- entity does not exist in design
    Warning (20014): Assignment for entity set_instance_assignment -name PARTITION_HIERARCHY root_partition -to | -entity DE0_CV_Default -section_id Top was ignored
    Warning (20014): Assignment for entity set_global_assignment -name PARTITION_NETLIST_TYPE SOURCE -entity DE0_CV_Default -section_id Top was ignored
    Warning (20014): Assignment for entity set_global_assignment -name PARTITION_FITTER_PRESERVATION_LEVEL PLACEMENT_AND_ROUTING -entity DE0_CV_Default -section_id Top was ignored
    Warning (20014): Assignment for entity set_global_assignment -name PARTITION_PRESERVE_HIGH_SPEED_TILES ON -entity DE0_CV_Default -section_id Top was ignored
    Warning (20014): Assignment for entity set_global_assignment -name PARTITION_IGNORE_SOURCE_FILE_CHANGES OFF -entity DE0_CV_Default -section_id Top was ignored
    Warning (20014): Assignment for entity set_global_assignment -name PARTITION_ALWAYS_USE_QXP_NETLIST OFF -entity DE0_CV_Default -section_id Top was ignored
    Warning (20014): Assignment for entity set_global_assignment -name PARTITION_COLOR 16764057 -entity DE0_CV_Default -section_id Top was ignored
    Warning (20014): Assignment for entity set_global_assignment -name PARTITION_IMPORT_ASSIGNMENTS ON -entity DE0_CV_Default -section_id Top was ignored
    Warning (20014): Assignment for entity set_global_assignment -name PARTITION_IMPORT_EXISTING_ASSIGNMENTS REPLACE_CONFLICTING -entity DE0_CV_Default -section_id Top was ignored
    Warning (20014): Assignment for entity set_global_assignment -name PARTITION_IMPORT_EXISTING_LOGICLOCK_REGIONS UPDATE_CONFLICTING -entity DE0_CV_Default -section_id Top was ignored
    Warning (20014): Assignment for entity set_global_assignment -name PARTITION_IMPORT_PIN_ASSIGNMENTS ON -entity DE0_CV_Default -section_id Top was ignored
    Warning (20014): Assignment for entity set_global_assignment -name PARTITION_IMPORT_PROMOTE_ASSIGNMENTS ON -entity DE0_CV_Default -section_id Top was ignored
    Warning (20014): Assignment for entity set_global_assignment -name PARTITION_TYPE STANDARD_PARTITION -entity DE0_CV_Default -section_id Top was ignored
    Warning (20014): Assignment for entity set_global_assignment -name ALLOW_MULTIPLE_PERSONAS OFF -entity DE0_CV_Default -section_id Top was ignored
    Warning (20014): Assignment for entity set_global_assignment -name PARTITION_ASD_REGION_ID 1 -entity DE0_CV_Default -section_id Top was ignored
    Warning (20014): Assignment for entity set_global_assignment -name CROSS_BOUNDARY_OPTIMIZATIONS OFF -entity DE0_CV_Default -section_id Top was ignored
    Warning (20014): Assignment for entity set_global_assignment -name PROPAGATE_CONSTANTS_ON_INPUTS ON -entity DE0_CV_Default -section_id Top was ignored
    Warning (20014): Assignment for entity set_global_assignment -name PROPAGATE_INVERSIONS_ON_INPUTS ON -entity DE0_CV_Default -section_id Top was ignored
    Warning (20014): Assignment for entity set_global_assignment -name REMOVE_LOGIC_ON_UNCONNECTED_OUTPUTS ON -entity DE0_CV_Default -section_id Top was ignored
    Warning (20014): Assignment for entity set_global_assignment -name MERGE_EQUIVALENT_INPUTS ON -entity DE0_CV_Default -section_id Top was ignored
    Warning (20014): Assignment for entity set_global_assignment -name MERGE_EQUIVALENT_BIDIRS ON -entity DE0_CV_Default -section_id Top was ignored
    Warning (20014): Assignment for entity set_global_assignment -name ABSORB_PATHS_FROM_OUTPUTS_TO_INPUTS ON -entity DE0_CV_Default -section_id Top was ignored
    Warning (20014): Assignment for entity set_global_assignment -name PARTITION_EXTRACT_HARD_BLOCK_NODES ON -entity DE0_CV_Default -section_id Top was ignored
    Warning (20014): Assignment for entity set_global_assignment -name PARTITION_ENABLE_STRICT_PRESERVATION OFF -entity DE0_CV_Default -section_id Top was ignored
Info (16010): Generating hard_block partition "hard_block:auto_generated_inst"
    Info (16011): Adding 0 node(s), including 0 DDIO, 0 PLL, 0 transceiver and 0 LCELL
Warning (21074): Design contains 4 input pin(s) that do not drive logic
    Warning (15610): No output dependent on input pin "CLOCK_50" File: C:/Users/lshi790/OneDrive - The University of Auckland/Compsys 305/Compsys305-Mini-Project/FlappyBird.vhd Line: 8
    Warning (15610): No output dependent on input pin "SW[0]" File: C:/Users/lshi790/OneDrive - The University of Auckland/Compsys 305/Compsys305-Mini-Project/FlappyBird.vhd Line: 9
    Warning (15610): No output dependent on input pin "SW[1]" File: C:/Users/lshi790/OneDrive - The University of Auckland/Compsys 305/Compsys305-Mini-Project/FlappyBird.vhd Line: 9
    Warning (15610): No output dependent on input pin "SW[2]" File: C:/Users/lshi790/OneDrive - The University of Auckland/Compsys 305/Compsys305-Mini-Project/FlappyBird.vhd Line: 9
Info (21057): Implemented 18 device resources after synthesis - the final resource count might be different
    Info (21058): Implemented 4 input pins
    Info (21059): Implemented 14 output pins
Info: Quartus Prime Analysis & Synthesis was successful. 0 errors, 52 warnings
    Info: Peak virtual memory: 4862 megabytes
    Info: Processing ended: Fri May 03 12:23:59 2024
    Info: Elapsed time: 00:00:06
    Info: Total CPU time (on all processors): 00:00:02


